<?xml version="1.0" encoding="UTF-8"?>
<!-- Generated by org.testng.reporters.JUnitReportReporter -->
<testsuite skipped="0" hostname="DESKTOP-HQ8D4NL" name="Cucumber.Automation.AppTest" tests="1" failures="0" timestamp="2021-07-06T14:19:21 ICT" time="0.006" errors="0">
  <testcase name="shouldAnswerWithTrue" time="0.006" classname="Cucumber.Automation.AppTest"/>
  <system-out/>
</testsuite> <!-- Cucumber.Automation.AppTest -->
